[2018-08-03 15:11:32,280] [INFO] [HOŞGELDİN EKRANI BASILDI]
[2018-08-03 15:11:32,584] [INFO] [1. API (ipapi) deneniyor..]
[2018-08-03 15:11:33,096] [INFO] [Gelen Veri: Bolu]
[2018-08-03 15:11:33,096] [INFO] [Konumu Tespit Edildi. Konumu: Bolu]
[2018-08-03 15:11:34,786] [INFO] [Menuden 0 seçildi.]
[2018-08-03 15:11:34,786] [INFO] [Bolu araması BOLU ile düzeltildi]
[2018-08-03 15:11:34,786] [INFO] [BOLU ile sorgulama yapılmak istendi.]
[2018-08-03 15:11:37,115] [INFO] [1. API (ipapi) deneniyor..]
[2018-08-03 15:11:37,611] [INFO] [Gelen Veri: Bolu]
[2018-08-03 15:11:37,612] [INFO] [Konumu Tespit Edildi. Konumu: Bolu]
[2018-08-03 15:11:39,282] [INFO] [Menuden 1 seçildi.]
[2018-08-03 15:11:41,184] [INFO] [Adana Şehri için özel arama yapıldı.]
[2018-08-03 15:11:41,184] [INFO] [Adana araması ADANA ile düzeltildi]
[2018-08-03 15:11:41,184] [INFO] [ADANA ile sorgulama yapılmak istendi.]
[2018-08-03 15:11:43,850] [INFO] [1. API (ipapi) deneniyor..]
[2018-08-03 15:11:44,606] [INFO] [Gelen Veri: Bolu]
[2018-08-03 15:11:44,606] [INFO] [Konumu Tespit Edildi. Konumu: Bolu]
[2018-08-03 15:11:45,858] [INFO] [Menuden 1 seçildi.]
[2018-08-03 15:11:48,551] [INFO] [aasdas Şehri için özel arama yapıldı.]
[2018-08-03 15:11:48,551] [INFO] [aasdas araması AASDAS ile düzeltildi]
[2018-08-03 15:11:48,552] [INFO] [AASDAS ile sorgulama yapılmak istendi.]
[2018-08-03 15:11:48,765] [WARNING] [Api Olumlu cevap vermedi. Cevap: {'cod': '404', 'message': 'city not found'}]
[2018-08-03 15:11:48,766] [INFO] [1. API (ipapi) deneniyor..]
[2018-08-03 15:11:49,485] [INFO] [Gelen Veri: Bolu]
[2018-08-03 15:11:49,485] [INFO] [Konumu Tespit Edildi. Konumu: Bolu]
[2018-08-03 15:11:50,766] [INFO] [Menuden 1 seçildi.]
[2018-08-03 15:11:55,585] [INFO] [safranbolu Şehri için özel arama yapıldı.]
[2018-08-03 15:11:55,837] [INFO] [1. API (ipapi) deneniyor..]
[2018-08-03 15:11:56,549] [INFO] [Gelen Veri: Bolu]
[2018-08-03 15:11:56,549] [INFO] [Konumu Tespit Edildi. Konumu: Bolu]
[2018-08-03 15:11:59,764] [INFO] [Menuden 1 seçildi.]
[2018-08-03 15:12:06,181] [INFO] [samsun Şehri için özel arama yapıldı.]
[2018-08-03 15:12:06,181] [INFO] [samsun araması SAMSUN ile düzeltildi]
[2018-08-03 15:12:06,181] [INFO] [SAMSUN ile sorgulama yapılmak istendi.]
[2018-08-03 15:12:08,431] [INFO] [1. API (ipapi) deneniyor..]
[2018-08-03 15:12:09,149] [INFO] [Gelen Veri: Bolu]
[2018-08-03 15:12:09,149] [INFO] [Konumu Tespit Edildi. Konumu: Bolu]
[2018-08-03 15:12:09,885] [INFO] [Menuden 1 seçildi.]
[2018-08-03 15:12:16,348] [INFO] [saMSun Şehri için özel arama yapıldı.]
[2018-08-03 15:12:16,348] [INFO] [saMSun araması SAMSUN ile düzeltildi]
[2018-08-03 15:12:16,348] [INFO] [SAMSUN ile sorgulama yapılmak istendi.]
[2018-08-03 15:12:18,363] [INFO] [1. API (ipapi) deneniyor..]
[2018-08-03 15:12:19,183] [INFO] [Gelen Veri: Bolu]
[2018-08-03 15:12:19,183] [INFO] [Konumu Tespit Edildi. Konumu: Bolu]
[2018-08-03 15:12:20,791] [INFO] [Menuden 1 seçildi.]
[2018-08-03 15:12:30,917] [INFO] [kastamonu Şehri için özel arama yapıldı.]
[2018-08-03 15:12:30,917] [INFO] [kastamonu araması KASTAMONU ile düzeltildi]
[2018-08-03 15:12:30,918] [INFO] [KASTAMONU ile sorgulama yapılmak istendi.]
[2018-08-03 15:12:33,004] [INFO] [1. API (ipapi) deneniyor..]
[2018-08-03 15:12:33,622] [INFO] [Gelen Veri: Bolu]
[2018-08-03 15:12:33,623] [INFO] [Konumu Tespit Edildi. Konumu: Bolu]
[2018-08-03 15:12:35,722] [INFO] [Menuden 2 seçildi.]
[2018-08-03 15:12:35,723] [WARNING] [2 destekleyan karakter..]
[2018-08-03 15:12:35,723] [INFO] [1. API (ipapi) deneniyor..]
[2018-08-03 15:12:36,493] [INFO] [Gelen Veri: Bolu]
[2018-08-03 15:12:36,493] [INFO] [Konumu Tespit Edildi. Konumu: Bolu]
[2018-08-03 15:12:37,217] [INFO] [Menuden 3 seçildi.]
[2018-08-03 15:12:37,217] [WARNING] [3 destekleyan karakter..]
[2018-08-03 15:12:37,217] [INFO] [1. API (ipapi) deneniyor..]
[2018-08-03 15:12:37,723] [INFO] [Gelen Veri: Bolu]
[2018-08-03 15:12:37,724] [INFO] [Konumu Tespit Edildi. Konumu: Bolu]
[2018-08-03 15:12:42,175] [INFO] [Menuden antalya seçildi.]
[2018-08-03 15:12:42,175] [WARNING] [antalya destekleyan karakter..]
[2018-08-03 15:12:42,176] [INFO] [1. API (ipapi) deneniyor..]
[2018-08-03 15:12:42,632] [INFO] [Gelen Veri: Bolu]
[2018-08-03 15:12:42,632] [INFO] [Konumu Tespit Edildi. Konumu: Bolu]
